<component name="libraryTable">
  <library name="JUnit5-allure样式">
    <CLASSES>
      <root url="jar://$PROJECT_DIR$/docs111/JUnit5测试框架/高级计算器实战/JUnit5-allure样式.zip!/" />
    </CLASSES>
    <JAVADOC />
    <SOURCES />
  </library>
</component>